<?xml version="1.0" encoding="UTF-8"?>
<testsuite xmlns:xsi="http://www.w3.org/2001/XMLSchema-instance" xsi:noNamespaceSchemaLocation="https://maven.apache.org/surefire/maven-surefire-plugin/xsd/surefire-test-report-3.0.xsd" version="3.0" name="org.fullstack.foodie.AppTest" time="6.874" tests="1" errors="0" skipped="0" failures="0">
  <properties>
[...]
</properties>
  <testcase name="TestRegisterAPI" classname="org.fullstack.foodie.AppTest" time="0.282">
    <system-out><![CDATA[21:24:33.525 [main] DEBUG org.springframework.test.context.BootstrapUtils - Instantiating CacheAwareContextLoaderDelegate from class [org.springframework.test.context.cache.DefaultCacheAwareContextLoaderDelegate]
21:24:33.541 [main] DEBUG org.springframework.test.context.BootstrapUtils - Instantiating BootstrapContext using constructor [public org.springframework.test.context.support.DefaultBootstrapContext(java.lang.Class,org.springframework.test.context.CacheAwareContextLoaderDelegate)]
21:24:33.582 [main] DEBUG org.springframework.test.context.BootstrapUtils - Instantiating TestContextBootstrapper for test class [org.fullstack.foodie.AppTest] from class [org.springframework.boot.test.context.SpringBootTestContextBootstrapper]
21:24:33.606 [main] INFO org.springframework.boot.test.context.SpringBootTestContextBootstrapper - Neither @ContextConfiguration nor @ContextHierarchy found for test class [org.fullstack.foodie.AppTest], using SpringBootContextLoader
21:24:33.614 [main] DEBUG org.springframework.test.context.support.AbstractContextLoader - Did not detect default resource location for test class [org.fullstack.foodie.AppTest]: class path resource [org/fullstack/foodie/AppTest-context.xml] does not exist
21:24:33.614 [main] DEBUG org.springframework.test.context.support.AbstractContextLoader - Did not detect default resource location for test class [org.fullstack.foodie.AppTest]: class path resource [org/fullstack/foodie/AppTestContext.groovy] does not exist
21:24:33.614 [main] INFO org.springframework.test.context.support.AbstractContextLoader - Could not detect default resource locations for test class [org.fullstack.foodie.AppTest]: no resource found for suffixes {-context.xml, Context.groovy}.
21:24:33.703 [main] DEBUG org.springframework.test.context.support.ActiveProfilesUtils - Could not find an 'annotation declaring class' for annotation type [org.springframework.test.context.ActiveProfiles] and class [org.fullstack.foodie.AppTest]
21:24:33.823 [main] DEBUG org.springframework.boot.test.context.SpringBootTestContextBootstrapper - @TestExecutionListeners is not present for class [org.fullstack.foodie.AppTest]: using defaults.
21:24:33.823 [main] INFO org.springframework.boot.test.context.SpringBootTestContextBootstrapper - Loaded default TestExecutionListener class names from location [META-INF/spring.factories]: [org.springframework.boot.test.mock.mockito.MockitoTestExecutionListener, org.springframework.boot.test.mock.mockito.ResetMocksTestExecutionListener, org.springframework.boot.test.autoconfigure.restdocs.RestDocsTestExecutionListener, org.springframework.boot.test.autoconfigure.web.client.MockRestServiceServerResetTestExecutionListener, org.springframework.boot.test.autoconfigure.web.servlet.MockMvcPrintOnlyOnFailureTestExecutionListener, org.springframework.boot.test.autoconfigure.web.servlet.WebDriverTestExecutionListener, org.springframework.boot.test.autoconfigure.webservices.client.MockWebServiceServerTestExecutionListener, org.springframework.test.context.web.ServletTestExecutionListener, org.springframework.test.context.support.DirtiesContextBeforeModesTestExecutionListener, org.springframework.test.context.event.ApplicationEventsTestExecutionListener, org.springframework.test.context.support.DependencyInjectionTestExecutionListener, org.springframework.test.context.support.DirtiesContextTestExecutionListener, org.springframework.test.context.transaction.TransactionalTestExecutionListener, org.springframework.test.context.jdbc.SqlScriptsTestExecutionListener, org.springframework.test.context.event.EventPublishingTestExecutionListener]
21:24:33.839 [main] INFO org.springframework.boot.test.context.SpringBootTestContextBootstrapper - Using TestExecutionListeners: [org.springframework.test.context.web.ServletTestExecutionListener@50d13246, org.springframework.test.context.support.DirtiesContextBeforeModesTestExecutionListener@2bd08376, org.springframework.test.context.event.ApplicationEventsTestExecutionListener@e70f13a, org.springframework.boot.test.mock.mockito.MockitoTestExecutionListener@3d3e5463, org.springframework.boot.test.autoconfigure.SpringBootDependencyInjectionTestExecutionListener@64a40280, org.springframework.test.context.support.DirtiesContextTestExecutionListener@4b40f651, org.springframework.test.context.transaction.TransactionalTestExecutionListener@42b02722, org.springframework.test.context.jdbc.SqlScriptsTestExecutionListener@d62fe5b, org.springframework.test.context.event.EventPublishingTestExecutionListener@49964d75, org.springframework.boot.test.mock.mockito.ResetMocksTestExecutionListener@528c868, org.springframework.boot.test.autoconfigure.restdocs.RestDocsTestExecutionListener@466276d8, org.springframework.boot.test.autoconfigure.web.client.MockRestServiceServerResetTestExecutionListener@5ce8d869, org.springframework.boot.test.autoconfigure.web.servlet.MockMvcPrintOnlyOnFailureTestExecutionListener@27eedb64, org.springframework.boot.test.autoconfigure.web.servlet.WebDriverTestExecutionListener@64c63c79, org.springframework.boot.test.autoconfigure.webservices.client.MockWebServiceServerTestExecutionListener@31c7528f]
21:24:33.848 [main] DEBUG org.springframework.test.context.support.AbstractDirtiesContextTestExecutionListener - Before test class: context [DefaultTestContext@1a20270e testClass = AppTest, testInstance = [null], testMethod = [null], testException = [null], mergedContextConfiguration = [WebMergedContextConfiguration@6b88ca8c testClass = AppTest, locations = '{}', classes = '{class org.fullstack.foodie.application.RunApplication}', contextInitializerClasses = '[]', activeProfiles = '{}', propertySourceLocations = '{}', propertySourceProperties = '{org.springframework.boot.test.context.SpringBootTestContextBootstrapper=true}', contextCustomizers = set[[ImportsContextCustomizer@336f1079 key = [org.springframework.boot.test.autoconfigure.web.servlet.MockMvcAutoConfiguration, org.springframework.boot.test.autoconfigure.web.servlet.MockMvcWebClientAutoConfiguration, org.springframework.boot.test.autoconfigure.web.servlet.MockMvcWebDriverAutoConfiguration, org.springframework.boot.autoconfigure.security.oauth2.client.servlet.OAuth2ClientAutoConfiguration, org.springframework.boot.autoconfigure.security.oauth2.resource.servlet.OAuth2ResourceServerAutoConfiguration, org.springframework.boot.autoconfigure.security.servlet.SecurityAutoConfiguration, org.springframework.boot.autoconfigure.security.servlet.SecurityFilterAutoConfiguration, org.springframework.boot.autoconfigure.security.servlet.UserDetailsServiceAutoConfiguration, org.springframework.boot.test.autoconfigure.web.servlet.MockMvcSecurityConfiguration, org.springframework.boot.test.autoconfigure.web.reactive.WebTestClientAutoConfiguration]], org.springframework.boot.test.context.filter.ExcludeFilterContextCustomizer@268f106e, org.springframework.boot.test.json.DuplicateJsonObjectContextCustomizerFactory$DuplicateJsonObjectContextCustomizer@6440112d, org.springframework.boot.test.mock.mockito.MockitoContextCustomizer@0, org.springframework.boot.test.web.client.TestRestTemplateContextCustomizer@359df09a, org.springframework.boot.test.autoconfigure.actuate.metrics.MetricsExportContextCustomizerFactory$DisableMetricExportContextCustomizer@7ae0a9ec, org.springframework.boot.test.autoconfigure.properties.PropertyMappingContextCustomizer@4b3fa0b3, org.springframework.boot.test.autoconfigure.web.servlet.WebDriverContextCustomizerFactory$Customizer@4f32a3ad, org.springframework.boot.test.context.SpringBootTestArgs@1, org.springframework.boot.test.context.SpringBootTestWebEnvironment@48a242ce], resourceBasePath = 'src/main/webapp', contextLoader = 'org.springframework.boot.test.context.SpringBootContextLoader', parent = [null]], attributes = map['org.springframework.test.context.web.ServletTestExecutionListener.activateListener' -> true]], class annotated with @DirtiesContext [false] with mode [null].

  .   ____          _            __ _ _
 /\\ / ___'_ __ _ _(_)_ __  __ _ \ \ \ \
( ( )\___ | '_ | '_| | '_ \/ _` | \ \ \ \
 \\/  ___)| |_)| | | | | || (_| |  ) ) ) )
  '  |____| .__|_| |_|_| |_\__, | / / / /
 =========|_|==============|___/=/_/_/_/
 :: Spring Boot ::                (v2.7.4)

2024-09-25 21:24:34.323  INFO 27608 --- [           main] org.fullstack.foodie.AppTest             : Starting AppTest using Java 22.0.2 on DESKTOP-6K4KVKC with PID 27608 (started by Ratna in C:\Users\Ratna\eclipse-workspace\FullStackWebsite\maven-example-jar)
2024-09-25 21:24:34.323  INFO 27608 --- [           main] org.fullstack.foodie.AppTest             : No active profile set, falling back to 1 default profile: "default"
2024-09-25 21:24:35.215  INFO 27608 --- [           main] .s.d.r.c.RepositoryConfigurationDelegate : Bootstrapping Spring Data JPA repositories in DEFAULT mode.
2024-09-25 21:24:35.239  INFO 27608 --- [           main] .s.d.r.c.RepositoryConfigurationDelegate : Finished Spring Data repository scanning in 8 ms. Found 0 JPA repository interfaces.
2024-09-25 21:24:36.239  INFO 27608 --- [           main] o.hibernate.jpa.internal.util.LogHelper  : HHH000204: Processing PersistenceUnitInfo [name: default]
2024-09-25 21:24:36.390  INFO 27608 --- [           main] org.hibernate.Version                    : HHH000412: Hibernate ORM core version 5.6.11.Final
2024-09-25 21:24:36.744  INFO 27608 --- [           main] o.hibernate.annotations.common.Version   : HCANN000001: Hibernate Commons Annotations {5.1.2.Final}
2024-09-25 21:24:36.952  INFO 27608 --- [           main] com.zaxxer.hikari.HikariDataSource       : HikariPool-1 - Starting...
2024-09-25 21:24:37.694  INFO 27608 --- [           main] com.zaxxer.hikari.HikariDataSource       : HikariPool-1 - Start completed.
2024-09-25 21:24:37.726  INFO 27608 --- [           main] org.hibernate.dialect.Dialect            : HHH000400: Using dialect: org.hibernate.dialect.MySQL8Dialect
2024-09-25 21:24:38.531  INFO 27608 --- [           main] o.h.e.t.j.p.i.JtaPlatformInitiator       : HHH000490: Using JtaPlatform implementation: [org.hibernate.engine.transaction.jta.platform.internal.NoJtaPlatform]
2024-09-25 21:24:38.538  INFO 27608 --- [           main] j.LocalContainerEntityManagerFactoryBean : Initialized JPA EntityManagerFactory for persistence unit 'default'
2024-09-25 21:24:38.910  WARN 27608 --- [           main] JpaBaseConfiguration$JpaWebConfiguration : spring.jpa.open-in-view is enabled by default. Therefore, database queries may be performed during view rendering. Explicitly configure spring.jpa.open-in-view to disable this warning
2024-09-25 21:24:39.417  WARN 27608 --- [           main] ion$DefaultTemplateResolverConfiguration : Cannot find template location: classpath:/templates/ (please add some templates, check your Thymeleaf configuration, or set spring.thymeleaf.check-template-location=false)
2024-09-25 21:24:39.593  WARN 27608 --- [           main] .s.s.UserDetailsServiceAutoConfiguration : 

Using generated security password: cfdda33f-006c-44bc-a0f7-30df29464597

This generated password is for development use only. Your security configuration must be updated before running your application in production.

2024-09-25 21:24:39.835  INFO 27608 --- [           main] o.s.s.web.DefaultSecurityFilterChain     : Will secure any request with [org.springframework.security.web.session.DisableEncodeUrlFilter@15bcecf9, org.springframework.security.web.context.request.async.WebAsyncManagerIntegrationFilter@4f0cdd0f, org.springframework.security.web.context.SecurityContextPersistenceFilter@641cea11, org.springframework.security.web.header.HeaderWriterFilter@7901a5ab, org.springframework.security.web.csrf.CsrfFilter@62871522, org.springframework.security.web.authentication.logout.LogoutFilter@58e4aa67, org.springframework.security.web.authentication.UsernamePasswordAuthenticationFilter@27691ee8, org.springframework.security.web.authentication.ui.DefaultLoginPageGeneratingFilter@4419cd6e, org.springframework.security.web.authentication.ui.DefaultLogoutPageGeneratingFilter@22ea6051, org.springframework.security.web.authentication.www.BasicAuthenticationFilter@6a261998, org.springframework.security.web.savedrequest.RequestCacheAwareFilter@25dc2c0, org.springframework.security.web.servletapi.SecurityContextHolderAwareRequestFilter@192ecf8, org.springframework.security.web.authentication.AnonymousAuthenticationFilter@539bb233, org.springframework.security.web.session.SessionManagementFilter@4a7c72af, org.springframework.security.web.access.ExceptionTranslationFilter@2a7392a3, org.springframework.security.web.access.intercept.FilterSecurityInterceptor@4e7151b3]
2024-09-25 21:24:39.964  INFO 27608 --- [           main] o.s.b.t.m.w.SpringBootMockServletContext : Initializing Spring TestDispatcherServlet ''
2024-09-25 21:24:39.964  INFO 27608 --- [           main] o.s.t.web.servlet.TestDispatcherServlet  : Initializing Servlet ''
2024-09-25 21:24:39.964  INFO 27608 --- [           main] o.s.t.web.servlet.TestDispatcherServlet  : Completed initialization in 0 ms
2024-09-25 21:24:39.988  INFO 27608 --- [           main] org.fullstack.foodie.AppTest             : Started AppTest in 6.101 seconds (JVM running for 7.119)
2024-09-25 21:24:40.117  INFO 27608 --- [           main] org.fullstack.foodie.AppTest             : inside Test
Entered TestRegisterAPI
2024-09-25 21:24:40.117  INFO 27608 --- [           main] o.f.f.service.impl.RecipiesServiceImpl   : Inside Log Folder
Hibernate: select next_val as id_val from hibernate_sequence for update
Hibernate: update hibernate_sequence set next_val= ? where next_val=?
Hibernate: insert into user (email_id, first_name, last_name, password, number, user_id) values (?, ?, ?, ?, ?, ?)
2024-09-25 21:24:40.286  INFO 27608 --- [           main] org.fullstack.foodie.AppTest             : Results are: Welcomemani
]]></system-out>
  </testcase>
</testsuite>